{
  "stats": {
    "suites": 1,
    "tests": 3,
    "passes": 3,
    "pending": 0,
    "failures": 0,
    "start": "2023-07-05T17:43:20.810Z",
    "end": "2023-07-05T17:43:27.163Z",
    "duration": 6353,
    "testsRegistered": 3,
    "passPercent": 100,
    "pendingPercent": 0,
    "other": 0,
    "hasOther": false,
    "skipped": 0,
    "hasSkipped": false
  },
  "results": [
    {
      "uuid": "3200ec9f-8cc5-4f35-a719-c5ca746cf80d",
      "title": "",
      "fullFile": "cypress\\e2e\\all\\Calendario.cy.js",
      "file": "cypress\\e2e\\all\\Calendario.cy.js",
      "beforeHooks": [],
      "afterHooks": [],
      "tests": [],
      "suites": [
        {
          "uuid": "eeed5eb5-8d0c-4fa9-b4ac-7adf92ba8608",
          "title": "Conjunto de Test de Calendario",
          "fullFile": "",
          "file": "",
          "beforeHooks": [],
          "afterHooks": [],
          "tests": [
            {
              "title": "[@commandexpres]Llegar hasta febrero",
              "fullTitle": "Conjunto de Test de Calendario [@commandexpres]Llegar hasta febrero",
              "timedOut": null,
              "duration": 2447,
              "state": "passed",
              "speed": "fast",
              "pass": true,
              "fail": false,
              "pending": false,
              "context": null,
              "code": "//Esta funcion recorre todos los meses hasta llegar a febrero estes donde estes\ncy.ValidarMes();",
              "err": {},
              "uuid": "2b48f5f6-56d7-45fe-8f1d-2d6a92bf2007",
              "parentUUID": "eeed5eb5-8d0c-4fa9-b4ac-7adf92ba8608",
              "isHook": false,
              "skipped": false
            },
            {
              "title": "[@commandexpres]Crear Nota Dia de la Marmota",
              "fullTitle": "Conjunto de Test de Calendario [@commandexpres]Crear Nota Dia de la Marmota",
              "timedOut": null,
              "duration": 888,
              "state": "passed",
              "speed": "fast",
              "pass": true,
              "fail": false,
              "pending": false,
              "context": null,
              "code": "//Esta funcion agrega la nota \"El Dia de la Marmota\" el dia 2 de febrero\ncy.ValidarDiaDeLaMarmota();",
              "err": {},
              "uuid": "e202c267-73a0-4c71-87a8-280df53f3ed5",
              "parentUUID": "eeed5eb5-8d0c-4fa9-b4ac-7adf92ba8608",
              "isHook": false,
              "skipped": false
            },
            {
              "title": "[@borrardia] Borrar Nota Dia de la Marmota",
              "fullTitle": "Conjunto de Test de Calendario [@borrardia] Borrar Nota Dia de la Marmota",
              "timedOut": null,
              "duration": 563,
              "state": "passed",
              "speed": "fast",
              "pass": true,
              "fail": false,
              "pending": false,
              "context": null,
              "code": "//Esta funcion borra la nota previamente creada en el dia de 2 de febrero\ncy.BorrarDiaDeLaMarmota();",
              "err": {},
              "uuid": "282a6b2f-fd97-4d82-a1b9-c03c7f5bc534",
              "parentUUID": "eeed5eb5-8d0c-4fa9-b4ac-7adf92ba8608",
              "isHook": false,
              "skipped": false
            }
          ],
          "suites": [],
          "passes": [
            "2b48f5f6-56d7-45fe-8f1d-2d6a92bf2007",
            "e202c267-73a0-4c71-87a8-280df53f3ed5",
            "282a6b2f-fd97-4d82-a1b9-c03c7f5bc534"
          ],
          "failures": [],
          "pending": [],
          "skipped": [],
          "duration": 3898,
          "root": false,
          "rootEmpty": false,
          "_timeout": 2000
        }
      ],
      "passes": [],
      "failures": [],
      "pending": [],
      "skipped": [],
      "duration": 0,
      "root": true,
      "rootEmpty": true,
      "_timeout": 2000
    }
  ],
  "meta": {
    "mocha": {
      "version": "7.0.1"
    },
    "mochawesome": {
      "options": {
        "quiet": false,
        "reportFilename": "mochawesome",
        "saveHtml": true,
        "saveJson": true,
        "consoleReporter": "spec",
        "useInlineDiffs": false,
        "code": true
      },
      "version": "7.1.3"
    },
    "marge": {
      "options": null,
      "version": "6.2.0"
    }
  }
}