{
  "stats": {
    "suites": 1,
    "tests": 3,
    "passes": 3,
    "pending": 0,
    "failures": 0,
    "start": "2023-07-05T02:39:31.441Z",
    "end": "2023-07-05T02:39:38.011Z",
    "duration": 6570,
    "testsRegistered": 3,
    "passPercent": 100,
    "pendingPercent": 0,
    "other": 0,
    "hasOther": false,
    "skipped": 0,
    "hasSkipped": false
  },
  "results": [
    {
      "uuid": "85a8a879-2816-48b5-9ebd-a3b3ba0dafb8",
      "title": "",
      "fullFile": "cypress\\e2e\\all\\Calendario.cy.js",
      "file": "cypress\\e2e\\all\\Calendario.cy.js",
      "beforeHooks": [],
      "afterHooks": [],
      "tests": [],
      "suites": [
        {
          "uuid": "8c9ecf6f-a8a9-4f53-8b09-1a716c33b6c0",
          "title": "Conjunto de Test de Calendario",
          "fullFile": "",
          "file": "",
          "beforeHooks": [],
          "afterHooks": [],
          "tests": [
            {
              "title": "Llegar hasta febrero",
              "fullTitle": "Conjunto de Test de Calendario Llegar hasta febrero",
              "timedOut": null,
              "duration": 2646,
              "state": "passed",
              "speed": "fast",
              "pass": true,
              "fail": false,
              "pending": false,
              "context": null,
              "code": "//Esta funcion recorre todos los meses hasta llegar a febrero estes donde estes\ncy.ValidarMes();",
              "err": {},
              "uuid": "24ffbfc6-797d-4731-a428-7a1d571c3592",
              "parentUUID": "8c9ecf6f-a8a9-4f53-8b09-1a716c33b6c0",
              "isHook": false,
              "skipped": false
            },
            {
              "title": "Crear Nota Dia de la Marmota",
              "fullTitle": "Conjunto de Test de Calendario Crear Nota Dia de la Marmota",
              "timedOut": null,
              "duration": 907,
              "state": "passed",
              "speed": "fast",
              "pass": true,
              "fail": false,
              "pending": false,
              "context": null,
              "code": "//Esta funcion agrega la nota \"El Dia de la Marmota\" el dia 2 de febrero\ncy.ValidarDiaDeLaMarmota();",
              "err": {},
              "uuid": "645ca18f-bf58-450d-84be-a9756f4a28b0",
              "parentUUID": "8c9ecf6f-a8a9-4f53-8b09-1a716c33b6c0",
              "isHook": false,
              "skipped": false
            },
            {
              "title": "Borrar Nota Dia de la Marmota",
              "fullTitle": "Conjunto de Test de Calendario Borrar Nota Dia de la Marmota",
              "timedOut": null,
              "duration": 578,
              "state": "passed",
              "speed": "fast",
              "pass": true,
              "fail": false,
              "pending": false,
              "context": null,
              "code": "//Esta funcion borra la nota previamente creada en el dia de 2 de febrero\ncy.BorrarDiaDeLaMarmota();",
              "err": {},
              "uuid": "333d8cfb-65bc-4180-8c58-86a7e97355df",
              "parentUUID": "8c9ecf6f-a8a9-4f53-8b09-1a716c33b6c0",
              "isHook": false,
              "skipped": false
            }
          ],
          "suites": [],
          "passes": [
            "24ffbfc6-797d-4731-a428-7a1d571c3592",
            "645ca18f-bf58-450d-84be-a9756f4a28b0",
            "333d8cfb-65bc-4180-8c58-86a7e97355df"
          ],
          "failures": [],
          "pending": [],
          "skipped": [],
          "duration": 4131,
          "root": false,
          "rootEmpty": false,
          "_timeout": 2000
        }
      ],
      "passes": [],
      "failures": [],
      "pending": [],
      "skipped": [],
      "duration": 0,
      "root": true,
      "rootEmpty": true,
      "_timeout": 2000
    }
  ],
  "meta": {
    "mocha": {
      "version": "7.0.1"
    },
    "mochawesome": {
      "options": {
        "quiet": false,
        "reportFilename": "mochawesome",
        "saveHtml": true,
        "saveJson": true,
        "consoleReporter": "spec",
        "useInlineDiffs": false,
        "code": true
      },
      "version": "7.1.3"
    },
    "marge": {
      "options": null,
      "version": "6.2.0"
    }
  }
}